0 info it worked if it ends with ok
1 verbose cli [ 'node',
1 verbose cli   '/usr/local/bin/npm',
1 verbose cli   'install',
1 verbose cli   '-g',
1 verbose cli   'express-generator@4' ]
2 info using npm@1.4.28
3 info using node@v0.10.32
4 verbose cache add [ 'express-generator@4', null ]
5 verbose cache add name=undefined spec="express-generator@4" args=["express-generator@4",null]
6 verbose parsed url { protocol: null,
6 verbose parsed url   slashes: null,
6 verbose parsed url   auth: null,
6 verbose parsed url   host: null,
6 verbose parsed url   port: null,
6 verbose parsed url   hostname: null,
6 verbose parsed url   hash: null,
6 verbose parsed url   search: null,
6 verbose parsed url   query: null,
6 verbose parsed url   pathname: 'express-generator@4',
6 verbose parsed url   path: 'express-generator@4',
6 verbose parsed url   href: 'express-generator@4' }
7 verbose cache add name="express-generator" spec="4" args=["express-generator","4"]
8 verbose parsed url { protocol: null,
8 verbose parsed url   slashes: null,
8 verbose parsed url   auth: null,
8 verbose parsed url   host: null,
8 verbose parsed url   port: null,
8 verbose parsed url   hostname: null,
8 verbose parsed url   hash: null,
8 verbose parsed url   search: null,
8 verbose parsed url   query: null,
8 verbose parsed url   pathname: '4',
8 verbose parsed url   path: '4',
8 verbose parsed url   href: '4' }
9 verbose addNamed [ 'express-generator', '4' ]
10 verbose addNamed [ null, '>=4.0.0-0 <5.0.0-0' ]
11 silly lockFile 1cb3188f-express-generator-4 express-generator@4
12 verbose lock express-generator@4 /Users/ZWL/.npm/1cb3188f-express-generator-4.lock
13 silly addNameRange { name: 'express-generator',
13 silly addNameRange   range: '>=4.0.0-0 <5.0.0-0',
13 silly addNameRange   hasData: false }
14 verbose request where is /express-generator
15 verbose request registry https://registry.npmjs.org/
16 verbose request id 31bbe95ac1f07351
17 verbose url raw /express-generator
18 verbose url resolving [ 'https://registry.npmjs.org/', './express-generator' ]
19 verbose url resolved https://registry.npmjs.org/express-generator
20 verbose request where is https://registry.npmjs.org/express-generator
21 info trying registry request attempt 1 at 11:07:54
22 http GET https://registry.npmjs.org/express-generator
23 http 200 https://registry.npmjs.org/express-generator
24 silly registry.get cb [ 200,
24 silly registry.get   { date: 'Fri, 05 Dec 2014 03:07:57 GMT',
24 silly registry.get     server: 'CouchDB/1.5.0 (Erlang OTP/R16B03)',
24 silly registry.get     etag: '"5DQOP04TTULD38NE8BZ2Y6LN7"',
24 silly registry.get     'content-type': 'application/json',
24 silly registry.get     'cache-control': 'max-age=60',
24 silly registry.get     'content-length': '12167',
24 silly registry.get     'accept-ranges': 'bytes',
24 silly registry.get     via: '1.1 varnish',
24 silly registry.get     age: '0',
24 silly registry.get     'x-served-by': 'cache-sn88-SIN',
24 silly registry.get     'x-cache': 'HIT',
24 silly registry.get     'x-cache-hits': '1',
24 silly registry.get     'x-timer': 'S1417748876.795298,VS0,VE256',
24 silly registry.get     vary: 'Accept',
24 silly registry.get     'keep-alive': 'timeout=10, max=50',
24 silly registry.get     connection: 'Keep-Alive' } ]
25 silly addNameRange number 2 { name: 'express-generator',
25 silly addNameRange   range: '>=4.0.0-0 <5.0.0-0',
25 silly addNameRange   hasData: true }
26 silly addNameRange versions [ 'express-generator',
26 silly addNameRange   [ '1.0.0', '3.0.0', '4.0.0', '4.2.0', '4.8.0', '4.9.0' ] ]
27 verbose addNamed [ 'express-generator', '4.9.0' ]
28 verbose addNamed [ '4.9.0', '4.9.0' ]
29 silly lockFile 0580e4a0-express-generator-4-9-0 express-generator@4.9.0
30 verbose lock express-generator@4.9.0 /Users/ZWL/.npm/0580e4a0-express-generator-4-9-0.lock
31 silly lockFile 995b2f4d-ator-express-generator-4-9-0-tgz https://registry.npmjs.org/express-generator/-/express-generator-4.9.0.tgz
32 verbose lock https://registry.npmjs.org/express-generator/-/express-generator-4.9.0.tgz /Users/ZWL/.npm/995b2f4d-ator-express-generator-4-9-0-tgz.lock
33 verbose addRemoteTarball [ 'https://registry.npmjs.org/express-generator/-/express-generator-4.9.0.tgz',
33 verbose addRemoteTarball   'f5da999d12ae4b072f6e61055633f7ad9e49fd73' ]
34 info retry fetch attempt 1 at 11:07:57
35 verbose fetch to= /var/folders/wj/722q34l932j8pjy2xp225kxw0000gn/T/npm-31502-xnA7ZC6a/registry.npmjs.org/express-generator/-/express-generator-4.9.0.tgz
36 http GET https://registry.npmjs.org/express-generator/-/express-generator-4.9.0.tgz
37 http 200 https://registry.npmjs.org/express-generator/-/express-generator-4.9.0.tgz
38 silly lockFile 995b2f4d-ator-express-generator-4-9-0-tgz https://registry.npmjs.org/express-generator/-/express-generator-4.9.0.tgz
39 silly lockFile 995b2f4d-ator-express-generator-4-9-0-tgz https://registry.npmjs.org/express-generator/-/express-generator-4.9.0.tgz
40 silly lockFile 0580e4a0-express-generator-4-9-0 express-generator@4.9.0
41 silly lockFile 0580e4a0-express-generator-4-9-0 express-generator@4.9.0
42 silly lockFile 1cb3188f-express-generator-4 express-generator@4
43 silly lockFile 1cb3188f-express-generator-4 express-generator@4
44 silly resolved [ { name: 'express-generator',
44 silly resolved     description: 'Express\' application generator',
44 silly resolved     version: '4.9.0',
44 silly resolved     author: { name: 'TJ Holowaychuk', email: 'tj@vision-media.ca' },
44 silly resolved     contributors: [ [Object], [Object], [Object], [Object], [Object] ],
44 silly resolved     keywords:
44 silly resolved      [ 'express',
44 silly resolved        'framework',
44 silly resolved        'sinatra',
44 silly resolved        'web',
44 silly resolved        'rest',
44 silly resolved        'restful',
44 silly resolved        'router',
44 silly resolved        'app',
44 silly resolved        'api' ],
44 silly resolved     repository: { type: 'git', url: 'https://github.com/expressjs/generator' },
44 silly resolved     license: 'MIT',
44 silly resolved     dependencies: { commander: '1.3.2', mkdirp: '0.5.0' },
44 silly resolved     main: 'bin/express',
44 silly resolved     preferGlobal: true,
44 silly resolved     bin: { express: './bin/express' },
44 silly resolved     devDependencies:
44 silly resolved      { mocha: '~1.21.4',
44 silly resolved        rimraf: '~2.2.8',
44 silly resolved        should: '~4.0.4',
44 silly resolved        supertest: '~0.13.0' },
44 silly resolved     engines: { node: '>= 0.8.0' },
44 silly resolved     files: [ 'LICENSE', 'bin/', 'templates/' ],
44 silly resolved     scripts:
44 silly resolved      { test: 'mocha --reporter spec --bail --check-leaks test/',
44 silly resolved        'test-travis': 'mocha --reporter spec --bail --check-leaks test/' },
44 silly resolved     gitHead: 'd00f7fc2c9e3a1f22f740019bab64fc0f579146d',
44 silly resolved     bugs: { url: 'https://github.com/expressjs/generator/issues' },
44 silly resolved     homepage: 'https://github.com/expressjs/generator',
44 silly resolved     _id: 'express-generator@4.9.0',
44 silly resolved     _shasum: 'f5da999d12ae4b072f6e61055633f7ad9e49fd73',
44 silly resolved     _from: 'express-generator@4',
44 silly resolved     _npmVersion: '1.4.21',
44 silly resolved     _npmUser: { name: 'dougwilson', email: 'doug@somethingdoug.com' },
44 silly resolved     maintainers: [ [Object], [Object], [Object], [Object], [Object], [Object] ],
44 silly resolved     dist:
44 silly resolved      { shasum: 'f5da999d12ae4b072f6e61055633f7ad9e49fd73',
44 silly resolved        tarball: 'http://registry.npmjs.org/express-generator/-/express-generator-4.9.0.tgz' },
44 silly resolved     directories: {},
44 silly resolved     _resolved: 'https://registry.npmjs.org/express-generator/-/express-generator-4.9.0.tgz' } ]
45 info install express-generator@4.9.0 into /usr/local/lib
46 info installOne express-generator@4.9.0
47 verbose lib/node_modules/express-generator unbuild
48 verbose tar unpack /Users/ZWL/.npm/express-generator/4.9.0/package.tgz
49 silly lockFile 2135fd25-b-node-modules-express-generator tar:///usr/local/lib/node_modules/express-generator
50 verbose lock tar:///usr/local/lib/node_modules/express-generator /Users/ZWL/.npm/2135fd25-b-node-modules-express-generator.lock
51 silly lockFile 74884c95-ress-generator-4-9-0-package-tgz tar:///Users/ZWL/.npm/express-generator/4.9.0/package.tgz
52 verbose lock tar:///Users/ZWL/.npm/express-generator/4.9.0/package.tgz /Users/ZWL/.npm/74884c95-ress-generator-4-9-0-package-tgz.lock
53 silly gunzTarPerm modes [ '755', '644' ]
54 error Error: EACCES, mkdir '/usr/local/lib/node_modules/express-generator'
54 error  { [Error: EACCES, mkdir '/usr/local/lib/node_modules/express-generator']
54 error   errno: 3,
54 error   code: 'EACCES',
54 error   path: '/usr/local/lib/node_modules/express-generator',
54 error   fstream_type: 'Directory',
54 error   fstream_path: '/usr/local/lib/node_modules/express-generator',
54 error   fstream_class: 'DirWriter',
54 error   fstream_stack:
54 error    [ '/usr/local/lib/node_modules/npm/node_modules/fstream/lib/dir-writer.js:36:23',
54 error      '/usr/local/lib/node_modules/npm/node_modules/mkdirp/index.js:46:53',
54 error      'Object.oncomplete (fs.js:107:15)' ] }
55 error Please try running this command again as root/Administrator.
56 error System Darwin 14.0.0
57 error command "node" "/usr/local/bin/npm" "install" "-g" "express-generator@4"
58 error cwd /Users/ZWL/Sites/Node/Demo
59 error node -v v0.10.32
60 error npm -v 1.4.28
61 error path /usr/local/lib/node_modules/express-generator
62 error fstream_path /usr/local/lib/node_modules/express-generator
63 error fstream_type Directory
64 error fstream_class DirWriter
65 error code EACCES
66 error errno 3
67 error stack Error: EACCES, mkdir '/usr/local/lib/node_modules/express-generator'
68 error fstream_stack /usr/local/lib/node_modules/npm/node_modules/fstream/lib/dir-writer.js:36:23
68 error fstream_stack /usr/local/lib/node_modules/npm/node_modules/mkdirp/index.js:46:53
68 error fstream_stack Object.oncomplete (fs.js:107:15)
69 verbose exit [ 3, true ]
